<?xml version="1.0" encoding="UTF-8"?>
<!-- Generated by org.testng.reporters.JUnitXMLReporter -->
<testsuite ignored="0" hostname="TSLC1600" failures="0" tests="1" name="Banking app test" time="0.058" errors="0" timestamp="2023-11-05T01:22:15 GMT-05:00">
  <testcase classname="Ibanking.com.testcases.BaseClass" name="@BeforeClass setup" time="0.01">
    <failure type="java.lang.NullPointerException">
      <![CDATA[java.lang.NullPointerException
at java.base/java.util.concurrent.ConcurrentHashMap.putVal(ConcurrentHashMap.java:1011)
at java.base/java.util.concurrent.ConcurrentHashMap.put(ConcurrentHashMap.java:1006)
at java.base/java.util.Properties.put(Properties.java:1340)
at java.base/java.util.Properties.setProperty(Properties.java:230)
at java.base/java.lang.System.setProperty(System.java:1015)
at Ibanking.com.testcases.BaseClass.setup(BaseClass.java:24)
at java.base/java.util.ArrayList.forEach(ArrayList.java:1511)
... Removed 23 stack frames]]>
    </failure>
  </testcase> <!-- @BeforeClass setup -->
  <testcase classname="Ibanking.com.testcases.BaseClass" name="@AfterClass tearDown" time="0.0">
    <skipped/>
  </testcase> <!-- @AfterClass tearDown -->
  <testcase classname="Ibanking.com.testcases.TC_LoginTest_001" name="loginTest" time="0.0">
    <skipped/>
  </testcase> <!-- loginTest -->
</testsuite> <!-- Banking app test -->
